  [1m[36m (1.2ms)[0m  [1mCREATE TABLE "schema_migrations" ("version" varchar NOT NULL) [0m
  [1m[35m (0.1ms)[0m  select sqlite_version(*)
  [1m[36m (0.7ms)[0m  [1mCREATE UNIQUE INDEX "unique_schema_migrations" ON "schema_migrations" ("version")[0m
  [1m[35mActiveRecord::SchemaMigration Load (0.1ms)[0m  SELECT "schema_migrations".* FROM "schema_migrations"
Migrating to InstallBlazer (20170922201958)
  [1m[36m (0.0ms)[0m  [1mbegin transaction[0m
  [1m[35m (0.3ms)[0m  CREATE TABLE "blazer_queries" ("id" INTEGER PRIMARY KEY AUTOINCREMENT NOT NULL, "creator_id" integer, "name" varchar, "description" text, "statement" text, "data_source" varchar, "created_at" datetime NOT NULL, "updated_at" datetime NOT NULL) 
  [1m[36m (0.1ms)[0m  [1mCREATE TABLE "blazer_audits" ("id" INTEGER PRIMARY KEY AUTOINCREMENT NOT NULL, "user_id" integer, "query_id" integer, "statement" text, "data_source" varchar, "created_at" datetime) [0m
  [1m[35m (0.1ms)[0m  CREATE TABLE "blazer_dashboards" ("id" INTEGER PRIMARY KEY AUTOINCREMENT NOT NULL, "creator_id" integer, "name" text, "created_at" datetime NOT NULL, "updated_at" datetime NOT NULL) 
  [1m[36m (0.1ms)[0m  [1mCREATE TABLE "blazer_dashboard_queries" ("id" INTEGER PRIMARY KEY AUTOINCREMENT NOT NULL, "dashboard_id" integer, "query_id" integer, "position" integer, "created_at" datetime NOT NULL, "updated_at" datetime NOT NULL) [0m
  [1m[35m (0.1ms)[0m  CREATE TABLE "blazer_checks" ("id" INTEGER PRIMARY KEY AUTOINCREMENT NOT NULL, "creator_id" integer, "query_id" integer, "state" varchar, "schedule" varchar, "emails" text, "check_type" varchar, "message" text, "last_run_at" datetime, "created_at" datetime NOT NULL, "updated_at" datetime NOT NULL) 
  [1m[36mSQL (0.1ms)[0m  [1mINSERT INTO "schema_migrations" ("version") VALUES (?)[0m  [["version", "20170922201958"]]
  [1m[35m (0.7ms)[0m  commit transaction
  [1m[36mActiveRecord::SchemaMigration Load (0.0ms)[0m  [1mSELECT "schema_migrations".* FROM "schema_migrations"[0m


Started GET "/" for ::1 at 2017-09-22 16:35:19 -0400
  [1m[36mActiveRecord::SchemaMigration Load (0.1ms)[0m  [1mSELECT "schema_migrations".* FROM "schema_migrations"[0m
Processing by Rails::WelcomeController#index as HTML
Completed 500 Internal Server Error in 1ms (ActiveRecord: 0.0ms)

NameError (uninitialized constant Ahoy::Store):
  ahoy_matey (1.6.0) lib/ahoy/tracker.rb:6:in `initialize'
  ahoy_matey (1.6.0) lib/ahoy/controller.rb:22:in `new'
  ahoy_matey (1.6.0) lib/ahoy/controller.rb:22:in `ahoy'
  ahoy_matey (1.6.0) lib/ahoy/controller.rb:30:in `set_ahoy_cookies'
  activesupport (4.2.7) lib/active_support/callbacks.rb:432:in `block in make_lambda'
  activesupport (4.2.7) lib/active_support/callbacks.rb:145:in `block in halting_and_conditional'
  activesupport (4.2.7) lib/active_support/callbacks.rb:504:in `block in call'
  activesupport (4.2.7) lib/active_support/callbacks.rb:504:in `each'
  activesupport (4.2.7) lib/active_support/callbacks.rb:504:in `call'
  activesupport (4.2.7) lib/active_support/callbacks.rb:92:in `__run_callbacks__'
  activesupport (4.2.7) lib/active_support/callbacks.rb:778:in `_run_process_action_callbacks'
  activesupport (4.2.7) lib/active_support/callbacks.rb:81:in `run_callbacks'
  actionpack (4.2.7) lib/abstract_controller/callbacks.rb:19:in `process_action'
  actionpack (4.2.7) lib/action_controller/metal/rescue.rb:29:in `process_action'
  actionpack (4.2.7) lib/action_controller/metal/instrumentation.rb:32:in `block in process_action'
  activesupport (4.2.7) lib/active_support/notifications.rb:164:in `block in instrument'
  activesupport (4.2.7) lib/active_support/notifications/instrumenter.rb:20:in `instrument'
  activesupport (4.2.7) lib/active_support/notifications.rb:164:in `instrument'
  actionpack (4.2.7) lib/action_controller/metal/instrumentation.rb:30:in `process_action'
  actionpack (4.2.7) lib/action_controller/metal/params_wrapper.rb:250:in `process_action'
  activerecord (4.2.7) lib/active_record/railties/controller_runtime.rb:18:in `process_action'
  actionpack (4.2.7) lib/abstract_controller/base.rb:137:in `process'
  actionview (4.2.7) lib/action_view/rendering.rb:30:in `process'
  actionpack (4.2.7) lib/action_controller/metal.rb:196:in `dispatch'
  actionpack (4.2.7) lib/action_controller/metal/rack_delegation.rb:13:in `dispatch'
  actionpack (4.2.7) lib/action_controller/metal.rb:237:in `block in action'
  actionpack (4.2.7) lib/action_dispatch/routing/route_set.rb:74:in `dispatch'
  actionpack (4.2.7) lib/action_dispatch/routing/route_set.rb:43:in `serve'
  actionpack (4.2.7) lib/action_dispatch/journey/router.rb:43:in `block in serve'
  actionpack (4.2.7) lib/action_dispatch/journey/router.rb:30:in `each'
  actionpack (4.2.7) lib/action_dispatch/journey/router.rb:30:in `serve'
  actionpack (4.2.7) lib/action_dispatch/routing/route_set.rb:817:in `call'
  rack-attack (5.0.1) lib/rack/attack.rb:147:in `call'
  rack (1.6.8) lib/rack/etag.rb:24:in `call'
  rack (1.6.8) lib/rack/conditionalget.rb:25:in `call'
  rack (1.6.8) lib/rack/head.rb:13:in `call'
  actionpack (4.2.7) lib/action_dispatch/middleware/params_parser.rb:27:in `call'
  actionpack (4.2.7) lib/action_dispatch/middleware/flash.rb:260:in `call'
  rack (1.6.8) lib/rack/session/abstract/id.rb:225:in `context'
  rack (1.6.8) lib/rack/session/abstract/id.rb:220:in `call'
  actionpack (4.2.7) lib/action_dispatch/middleware/cookies.rb:560:in `call'
  activerecord (4.2.7) lib/active_record/query_cache.rb:36:in `call'
  activerecord (4.2.7) lib/active_record/connection_adapters/abstract/connection_pool.rb:653:in `call'
  activerecord (4.2.7) lib/active_record/migration.rb:377:in `call'
  actionpack (4.2.7) lib/action_dispatch/middleware/callbacks.rb:29:in `block in call'
  activesupport (4.2.7) lib/active_support/callbacks.rb:88:in `__run_callbacks__'
  activesupport (4.2.7) lib/active_support/callbacks.rb:778:in `_run_call_callbacks'
  activesupport (4.2.7) lib/active_support/callbacks.rb:81:in `run_callbacks'
  actionpack (4.2.7) lib/action_dispatch/middleware/callbacks.rb:27:in `call'
  actionpack (4.2.7) lib/action_dispatch/middleware/reloader.rb:73:in `call'
  actionpack (4.2.7) lib/action_dispatch/middleware/remote_ip.rb:78:in `call'
  actionpack (4.2.7) lib/action_dispatch/middleware/debug_exceptions.rb:17:in `call'
  web-console (2.3.0) lib/web_console/middleware.rb:28:in `block in call'
  web-console (2.3.0) lib/web_console/middleware.rb:18:in `catch'
  web-console (2.3.0) lib/web_console/middleware.rb:18:in `call'
  actionpack (4.2.7) lib/action_dispatch/middleware/show_exceptions.rb:30:in `call'
  railties (4.2.7) lib/rails/rack/logger.rb:38:in `call_app'
  railties (4.2.7) lib/rails/rack/logger.rb:20:in `block in call'
  activesupport (4.2.7) lib/active_support/tagged_logging.rb:68:in `block in tagged'
  activesupport (4.2.7) lib/active_support/tagged_logging.rb:26:in `tagged'
  activesupport (4.2.7) lib/active_support/tagged_logging.rb:68:in `tagged'
  railties (4.2.7) lib/rails/rack/logger.rb:20:in `call'
  ahoy_matey (1.6.0) lib/ahoy/engine.rb:22:in `call_with_quiet_ahoy'
  request_store (1.3.2) lib/request_store/middleware.rb:9:in `call'
  actionpack (4.2.7) lib/action_dispatch/middleware/request_id.rb:21:in `call'
  rack (1.6.8) lib/rack/methodoverride.rb:22:in `call'
  rack (1.6.8) lib/rack/runtime.rb:18:in `call'
  activesupport (4.2.7) lib/active_support/cache/strategy/local_cache_middleware.rb:28:in `call'
  rack (1.6.8) lib/rack/lock.rb:17:in `call'
  actionpack (4.2.7) lib/action_dispatch/middleware/static.rb:120:in `call'
  rack (1.6.8) lib/rack/sendfile.rb:113:in `call'
  railties (4.2.7) lib/rails/engine.rb:518:in `call'
  railties (4.2.7) lib/rails/application.rb:165:in `call'
  rack (1.6.8) lib/rack/lock.rb:17:in `call'
  rack (1.6.8) lib/rack/content_length.rb:15:in `call'
  rack (1.6.8) lib/rack/handler/webrick.rb:88:in `service'
  /Users/leonardbogdonoff/.rbenv/versions/2.3.1/lib/ruby/2.3.0/webrick/httpserver.rb:140:in `service'
  /Users/leonardbogdonoff/.rbenv/versions/2.3.1/lib/ruby/2.3.0/webrick/httpserver.rb:96:in `run'
  /Users/leonardbogdonoff/.rbenv/versions/2.3.1/lib/ruby/2.3.0/webrick/server.rb:296:in `block in start_thread'


  Rendered /Users/leonardbogdonoff/.rbenv/versions/2.3.1/lib/ruby/gems/2.3.0/gems/actionpack-4.2.7/lib/action_dispatch/middleware/templates/rescues/_source.erb (3.9ms)
  Rendered /Users/leonardbogdonoff/.rbenv/versions/2.3.1/lib/ruby/gems/2.3.0/gems/actionpack-4.2.7/lib/action_dispatch/middleware/templates/rescues/_trace.html.erb (2.3ms)
  Rendered /Users/leonardbogdonoff/.rbenv/versions/2.3.1/lib/ruby/gems/2.3.0/gems/actionpack-4.2.7/lib/action_dispatch/middleware/templates/rescues/_request_and_response.html.erb (10.0ms)
  Rendered /Users/leonardbogdonoff/.rbenv/versions/2.3.1/lib/ruby/gems/2.3.0/gems/actionpack-4.2.7/lib/action_dispatch/middleware/templates/rescues/diagnostics.html.erb within rescues/layout (75.1ms)
  Rendered /Users/leonardbogdonoff/.rbenv/versions/2.3.1/lib/ruby/gems/2.3.0/gems/web-console-2.3.0/lib/web_console/templates/_markup.html.erb (0.4ms)
  Rendered /Users/leonardbogdonoff/.rbenv/versions/2.3.1/lib/ruby/gems/2.3.0/gems/web-console-2.3.0/lib/web_console/templates/_inner_console_markup.html.erb within layouts/inlined_string (0.4ms)
  Rendered /Users/leonardbogdonoff/.rbenv/versions/2.3.1/lib/ruby/gems/2.3.0/gems/web-console-2.3.0/lib/web_console/templates/_prompt_box_markup.html.erb within layouts/inlined_string (0.5ms)
  Rendered /Users/leonardbogdonoff/.rbenv/versions/2.3.1/lib/ruby/gems/2.3.0/gems/web-console-2.3.0/lib/web_console/templates/style.css.erb within layouts/inlined_string (0.3ms)
  Rendered /Users/leonardbogdonoff/.rbenv/versions/2.3.1/lib/ruby/gems/2.3.0/gems/web-console-2.3.0/lib/web_console/templates/console.js.erb within layouts/javascript (67.2ms)
  Rendered /Users/leonardbogdonoff/.rbenv/versions/2.3.1/lib/ruby/gems/2.3.0/gems/web-console-2.3.0/lib/web_console/templates/main.js.erb within layouts/javascript (0.5ms)
  Rendered /Users/leonardbogdonoff/.rbenv/versions/2.3.1/lib/ruby/gems/2.3.0/gems/web-console-2.3.0/lib/web_console/templates/error_page.js.erb within layouts/javascript (0.3ms)
  Rendered /Users/leonardbogdonoff/.rbenv/versions/2.3.1/lib/ruby/gems/2.3.0/gems/web-console-2.3.0/lib/web_console/templates/index.html.erb (146.4ms)
  [1m[36mActiveRecord::SchemaMigration Load (0.1ms)[0m  [1mSELECT "schema_migrations".* FROM "schema_migrations"[0m
Migrating to CreateVisits (20170922203539)
  [1m[35m (0.1ms)[0m  begin transaction
  [1m[36m (0.5ms)[0m  [1mCREATE TABLE "visits" ("id" INTEGER PRIMARY KEY AUTOINCREMENT NOT NULL, "visit_token" varchar, "visitor_token" varchar, "ip" varchar, "user_agent" text, "referrer" text, "landing_page" text, "user_id" integer, "referring_domain" varchar, "search_keyword" varchar, "browser" varchar, "os" varchar, "device_type" varchar, "screen_height" integer, "screen_width" integer, "country" varchar, "region" varchar, "city" varchar, "postal_code" varchar, "latitude" decimal, "longitude" decimal, "utm_source" varchar, "utm_medium" varchar, "utm_term" varchar, "utm_content" varchar, "utm_campaign" varchar, "started_at" datetime) [0m
  [1m[35m (0.1ms)[0m  select sqlite_version(*)
  [1m[36m (0.1ms)[0m  [1mCREATE UNIQUE INDEX "index_visits_on_visit_token" ON "visits" ("visit_token")[0m
  [1m[35m (0.1ms)[0m              SELECT sql
            FROM sqlite_master
            WHERE name='index_visits_on_visit_token' AND type='index'
            UNION ALL
            SELECT sql
            FROM sqlite_temp_master
            WHERE name='index_visits_on_visit_token' AND type='index'

  [1m[36m (0.1ms)[0m  [1mCREATE  INDEX "index_visits_on_user_id" ON "visits" ("user_id")[0m
  [1m[35mSQL (0.2ms)[0m  INSERT INTO "schema_migrations" ("version") VALUES (?)  [["version", "20170922203539"]]
  [1m[36m (0.7ms)[0m  [1mcommit transaction[0m
Migrating to CreateAhoyEvents (20170922203540)
  [1m[35m (0.0ms)[0m  begin transaction
  [1m[36m (0.3ms)[0m  [1mCREATE TABLE "ahoy_events" ("id" INTEGER PRIMARY KEY AUTOINCREMENT NOT NULL, "visit_id" integer, "user_id" integer, "name" varchar, "properties" text, "time" datetime) [0m
  [1m[35m (0.1ms)[0m  CREATE  INDEX "index_ahoy_events_on_visit_id_and_name" ON "ahoy_events" ("visit_id", "name")
  [1m[36m (0.1ms)[0m  [1m            SELECT sql
            FROM sqlite_master
            WHERE name='index_ahoy_events_on_visit_id_and_name' AND type='index'
            UNION ALL
            SELECT sql
            FROM sqlite_temp_master
            WHERE name='index_ahoy_events_on_visit_id_and_name' AND type='index'
[0m
  [1m[35m (0.1ms)[0m  CREATE  INDEX "index_ahoy_events_on_user_id_and_name" ON "ahoy_events" ("user_id", "name")
  [1m[36m (0.1ms)[0m  [1m            SELECT sql
            FROM sqlite_master
            WHERE name='index_ahoy_events_on_user_id_and_name' AND type='index'
            UNION ALL
            SELECT sql
            FROM sqlite_temp_master
            WHERE name='index_ahoy_events_on_user_id_and_name' AND type='index'
[0m
  [1m[35m (0.1ms)[0m              SELECT sql
            FROM sqlite_master
            WHERE name='index_ahoy_events_on_visit_id_and_name' AND type='index'
            UNION ALL
            SELECT sql
            FROM sqlite_temp_master
            WHERE name='index_ahoy_events_on_visit_id_and_name' AND type='index'

  [1m[36m (0.1ms)[0m  [1mCREATE  INDEX "index_ahoy_events_on_name_and_time" ON "ahoy_events" ("name", "time")[0m
  [1m[35mSQL (0.1ms)[0m  INSERT INTO "schema_migrations" ("version") VALUES (?)  [["version", "20170922203540"]]
  [1m[36m (1.2ms)[0m  [1mcommit transaction[0m
  [1m[35mActiveRecord::SchemaMigration Load (0.1ms)[0m  SELECT "schema_migrations".* FROM "schema_migrations"
  [1m[36m (0.1ms)[0m  [1m            SELECT sql
            FROM sqlite_master
            WHERE name='index_ahoy_events_on_name_and_time' AND type='index'
            UNION ALL
            SELECT sql
            FROM sqlite_temp_master
            WHERE name='index_ahoy_events_on_name_and_time' AND type='index'
[0m
  [1m[35m (0.1ms)[0m              SELECT sql
            FROM sqlite_master
            WHERE name='index_ahoy_events_on_user_id_and_name' AND type='index'
            UNION ALL
            SELECT sql
            FROM sqlite_temp_master
            WHERE name='index_ahoy_events_on_user_id_and_name' AND type='index'

  [1m[36m (0.1ms)[0m  [1m            SELECT sql
            FROM sqlite_master
            WHERE name='index_ahoy_events_on_visit_id_and_name' AND type='index'
            UNION ALL
            SELECT sql
            FROM sqlite_temp_master
            WHERE name='index_ahoy_events_on_visit_id_and_name' AND type='index'
[0m
  [1m[35m (0.1ms)[0m              SELECT sql
            FROM sqlite_master
            WHERE name='index_visits_on_user_id' AND type='index'
            UNION ALL
            SELECT sql
            FROM sqlite_temp_master
            WHERE name='index_visits_on_user_id' AND type='index'

  [1m[36m (0.1ms)[0m  [1m            SELECT sql
            FROM sqlite_master
            WHERE name='index_visits_on_visit_token' AND type='index'
            UNION ALL
            SELECT sql
            FROM sqlite_temp_master
            WHERE name='index_visits_on_visit_token' AND type='index'
[0m


Started GET "/" for ::1 at 2017-09-22 16:35:52 -0400
  [1m[35mActiveRecord::SchemaMigration Load (0.1ms)[0m  SELECT "schema_migrations".* FROM "schema_migrations"
Processing by Rails::WelcomeController#index as HTML
Completed 500 Internal Server Error in 2ms (ActiveRecord: 0.0ms)

NameError (uninitialized constant Ahoy::Store):
  ahoy_matey (1.6.0) lib/ahoy/tracker.rb:6:in `initialize'
  ahoy_matey (1.6.0) lib/ahoy/controller.rb:22:in `new'
  ahoy_matey (1.6.0) lib/ahoy/controller.rb:22:in `ahoy'
  ahoy_matey (1.6.0) lib/ahoy/controller.rb:30:in `set_ahoy_cookies'
  activesupport (4.2.7) lib/active_support/callbacks.rb:432:in `block in make_lambda'
  activesupport (4.2.7) lib/active_support/callbacks.rb:145:in `block in halting_and_conditional'
  activesupport (4.2.7) lib/active_support/callbacks.rb:504:in `block in call'
  activesupport (4.2.7) lib/active_support/callbacks.rb:504:in `each'
  activesupport (4.2.7) lib/active_support/callbacks.rb:504:in `call'
  activesupport (4.2.7) lib/active_support/callbacks.rb:92:in `__run_callbacks__'
  activesupport (4.2.7) lib/active_support/callbacks.rb:778:in `_run_process_action_callbacks'
  activesupport (4.2.7) lib/active_support/callbacks.rb:81:in `run_callbacks'
  actionpack (4.2.7) lib/abstract_controller/callbacks.rb:19:in `process_action'
  actionpack (4.2.7) lib/action_controller/metal/rescue.rb:29:in `process_action'
  actionpack (4.2.7) lib/action_controller/metal/instrumentation.rb:32:in `block in process_action'
  activesupport (4.2.7) lib/active_support/notifications.rb:164:in `block in instrument'
  activesupport (4.2.7) lib/active_support/notifications/instrumenter.rb:20:in `instrument'
  activesupport (4.2.7) lib/active_support/notifications.rb:164:in `instrument'
  actionpack (4.2.7) lib/action_controller/metal/instrumentation.rb:30:in `process_action'
  actionpack (4.2.7) lib/action_controller/metal/params_wrapper.rb:250:in `process_action'
  activerecord (4.2.7) lib/active_record/railties/controller_runtime.rb:18:in `process_action'
  actionpack (4.2.7) lib/abstract_controller/base.rb:137:in `process'
  actionview (4.2.7) lib/action_view/rendering.rb:30:in `process'
  actionpack (4.2.7) lib/action_controller/metal.rb:196:in `dispatch'
  actionpack (4.2.7) lib/action_controller/metal/rack_delegation.rb:13:in `dispatch'
  actionpack (4.2.7) lib/action_controller/metal.rb:237:in `block in action'
  actionpack (4.2.7) lib/action_dispatch/routing/route_set.rb:74:in `dispatch'
  actionpack (4.2.7) lib/action_dispatch/routing/route_set.rb:43:in `serve'
  actionpack (4.2.7) lib/action_dispatch/journey/router.rb:43:in `block in serve'
  actionpack (4.2.7) lib/action_dispatch/journey/router.rb:30:in `each'
  actionpack (4.2.7) lib/action_dispatch/journey/router.rb:30:in `serve'
  actionpack (4.2.7) lib/action_dispatch/routing/route_set.rb:817:in `call'
  rack-attack (5.0.1) lib/rack/attack.rb:147:in `call'
  rack (1.6.8) lib/rack/etag.rb:24:in `call'
  rack (1.6.8) lib/rack/conditionalget.rb:25:in `call'
  rack (1.6.8) lib/rack/head.rb:13:in `call'
  actionpack (4.2.7) lib/action_dispatch/middleware/params_parser.rb:27:in `call'
  actionpack (4.2.7) lib/action_dispatch/middleware/flash.rb:260:in `call'
  rack (1.6.8) lib/rack/session/abstract/id.rb:225:in `context'
  rack (1.6.8) lib/rack/session/abstract/id.rb:220:in `call'
  actionpack (4.2.7) lib/action_dispatch/middleware/cookies.rb:560:in `call'
  activerecord (4.2.7) lib/active_record/query_cache.rb:36:in `call'
  activerecord (4.2.7) lib/active_record/connection_adapters/abstract/connection_pool.rb:653:in `call'
  activerecord (4.2.7) lib/active_record/migration.rb:377:in `call'
  actionpack (4.2.7) lib/action_dispatch/middleware/callbacks.rb:29:in `block in call'
  activesupport (4.2.7) lib/active_support/callbacks.rb:88:in `__run_callbacks__'
  activesupport (4.2.7) lib/active_support/callbacks.rb:778:in `_run_call_callbacks'
  activesupport (4.2.7) lib/active_support/callbacks.rb:81:in `run_callbacks'
  actionpack (4.2.7) lib/action_dispatch/middleware/callbacks.rb:27:in `call'
  actionpack (4.2.7) lib/action_dispatch/middleware/reloader.rb:73:in `call'
  actionpack (4.2.7) lib/action_dispatch/middleware/remote_ip.rb:78:in `call'
  actionpack (4.2.7) lib/action_dispatch/middleware/debug_exceptions.rb:17:in `call'
  web-console (2.3.0) lib/web_console/middleware.rb:28:in `block in call'
  web-console (2.3.0) lib/web_console/middleware.rb:18:in `catch'
  web-console (2.3.0) lib/web_console/middleware.rb:18:in `call'
  actionpack (4.2.7) lib/action_dispatch/middleware/show_exceptions.rb:30:in `call'
  railties (4.2.7) lib/rails/rack/logger.rb:38:in `call_app'
  railties (4.2.7) lib/rails/rack/logger.rb:20:in `block in call'
  activesupport (4.2.7) lib/active_support/tagged_logging.rb:68:in `block in tagged'
  activesupport (4.2.7) lib/active_support/tagged_logging.rb:26:in `tagged'
  activesupport (4.2.7) lib/active_support/tagged_logging.rb:68:in `tagged'
  railties (4.2.7) lib/rails/rack/logger.rb:20:in `call'
  ahoy_matey (1.6.0) lib/ahoy/engine.rb:22:in `call_with_quiet_ahoy'
  request_store (1.3.2) lib/request_store/middleware.rb:9:in `call'
  actionpack (4.2.7) lib/action_dispatch/middleware/request_id.rb:21:in `call'
  rack (1.6.8) lib/rack/methodoverride.rb:22:in `call'
  rack (1.6.8) lib/rack/runtime.rb:18:in `call'
  activesupport (4.2.7) lib/active_support/cache/strategy/local_cache_middleware.rb:28:in `call'
  rack (1.6.8) lib/rack/lock.rb:17:in `call'
  actionpack (4.2.7) lib/action_dispatch/middleware/static.rb:120:in `call'
  rack (1.6.8) lib/rack/sendfile.rb:113:in `call'
  railties (4.2.7) lib/rails/engine.rb:518:in `call'
  railties (4.2.7) lib/rails/application.rb:165:in `call'
  rack (1.6.8) lib/rack/lock.rb:17:in `call'
  rack (1.6.8) lib/rack/content_length.rb:15:in `call'
  rack (1.6.8) lib/rack/handler/webrick.rb:88:in `service'
  /Users/leonardbogdonoff/.rbenv/versions/2.3.1/lib/ruby/2.3.0/webrick/httpserver.rb:140:in `service'
  /Users/leonardbogdonoff/.rbenv/versions/2.3.1/lib/ruby/2.3.0/webrick/httpserver.rb:96:in `run'
  /Users/leonardbogdonoff/.rbenv/versions/2.3.1/lib/ruby/2.3.0/webrick/server.rb:296:in `block in start_thread'


  Rendered /Users/leonardbogdonoff/.rbenv/versions/2.3.1/lib/ruby/gems/2.3.0/gems/actionpack-4.2.7/lib/action_dispatch/middleware/templates/rescues/_source.erb (3.5ms)
  Rendered /Users/leonardbogdonoff/.rbenv/versions/2.3.1/lib/ruby/gems/2.3.0/gems/actionpack-4.2.7/lib/action_dispatch/middleware/templates/rescues/_trace.html.erb (1.6ms)
  Rendered /Users/leonardbogdonoff/.rbenv/versions/2.3.1/lib/ruby/gems/2.3.0/gems/actionpack-4.2.7/lib/action_dispatch/middleware/templates/rescues/_request_and_response.html.erb (1.9ms)
  Rendered /Users/leonardbogdonoff/.rbenv/versions/2.3.1/lib/ruby/gems/2.3.0/gems/actionpack-4.2.7/lib/action_dispatch/middleware/templates/rescues/diagnostics.html.erb within rescues/layout (61.5ms)
  Rendered /Users/leonardbogdonoff/.rbenv/versions/2.3.1/lib/ruby/gems/2.3.0/gems/web-console-2.3.0/lib/web_console/templates/_markup.html.erb (0.5ms)
  Rendered /Users/leonardbogdonoff/.rbenv/versions/2.3.1/lib/ruby/gems/2.3.0/gems/web-console-2.3.0/lib/web_console/templates/_inner_console_markup.html.erb within layouts/inlined_string (0.4ms)
  Rendered /Users/leonardbogdonoff/.rbenv/versions/2.3.1/lib/ruby/gems/2.3.0/gems/web-console-2.3.0/lib/web_console/templates/_prompt_box_markup.html.erb within layouts/inlined_string (0.3ms)
  Rendered /Users/leonardbogdonoff/.rbenv/versions/2.3.1/lib/ruby/gems/2.3.0/gems/web-console-2.3.0/lib/web_console/templates/style.css.erb within layouts/inlined_string (0.4ms)
  Rendered /Users/leonardbogdonoff/.rbenv/versions/2.3.1/lib/ruby/gems/2.3.0/gems/web-console-2.3.0/lib/web_console/templates/console.js.erb within layouts/javascript (62.7ms)
  Rendered /Users/leonardbogdonoff/.rbenv/versions/2.3.1/lib/ruby/gems/2.3.0/gems/web-console-2.3.0/lib/web_console/templates/main.js.erb within layouts/javascript (0.3ms)
  Rendered /Users/leonardbogdonoff/.rbenv/versions/2.3.1/lib/ruby/gems/2.3.0/gems/web-console-2.3.0/lib/web_console/templates/error_page.js.erb within layouts/javascript (0.8ms)
  Rendered /Users/leonardbogdonoff/.rbenv/versions/2.3.1/lib/ruby/gems/2.3.0/gems/web-console-2.3.0/lib/web_console/templates/index.html.erb (136.2ms)


Started GET "/" for ::1 at 2017-09-22 16:36:11 -0400
  [1m[36mActiveRecord::SchemaMigration Load (0.1ms)[0m  [1mSELECT "schema_migrations".* FROM "schema_migrations"[0m
Processing by Rails::WelcomeController#index as HTML
  Rendered /Users/leonardbogdonoff/.rbenv/versions/2.3.1/lib/ruby/gems/2.3.0/gems/railties-4.2.7/lib/rails/templates/rails/welcome/index.html.erb (3.9ms)
Completed 200 OK in 29ms (Views: 15.3ms | ActiveRecord: 0.0ms)
  [1m[35m (1.1ms)[0m  [1m[35mDROP TABLE IF EXISTS "ahoy_events" CASCADE[0m
  [1m[35m (12.5ms)[0m  [1m[35mCREATE TABLE "ahoy_events" ("id" bigserial primary key, "visit_id" integer, "user_id" integer, "name" character varying, "properties" text, "time" timestamp)[0m
  [1m[35m (2.9ms)[0m  [1m[35mCREATE  INDEX  "index_ahoy_events_on_name_and_time" ON "ahoy_events"  ("name", "time")[0m
  [1m[35m (1.3ms)[0m  [1m[35mCREATE  INDEX  "index_ahoy_events_on_user_id_and_name" ON "ahoy_events"  ("user_id", "name")[0m
  [1m[35m (1.0ms)[0m  [1m[35mCREATE  INDEX  "index_ahoy_events_on_visit_id_and_name" ON "ahoy_events"  ("visit_id", "name")[0m
  [1m[35m (0.1ms)[0m  [1m[35mDROP TABLE IF EXISTS "blazer_audits" CASCADE[0m
  [1m[35m (3.5ms)[0m  [1m[35mCREATE TABLE "blazer_audits" ("id" bigserial primary key, "user_id" integer, "query_id" integer, "statement" text, "data_source" character varying, "created_at" timestamp)[0m
  [1m[35m (0.3ms)[0m  [1m[35mDROP TABLE IF EXISTS "blazer_checks" CASCADE[0m
  [1m[35m (3.9ms)[0m  [1m[35mCREATE TABLE "blazer_checks" ("id" bigserial primary key, "creator_id" integer, "query_id" integer, "state" character varying, "schedule" character varying, "emails" text, "check_type" character varying, "message" text, "last_run_at" timestamp, "created_at" timestamp NOT NULL, "updated_at" timestamp NOT NULL)[0m
  [1m[35m (0.3ms)[0m  [1m[35mDROP TABLE IF EXISTS "blazer_dashboard_queries" CASCADE[0m
  [1m[35m (3.0ms)[0m  [1m[35mCREATE TABLE "blazer_dashboard_queries" ("id" bigserial primary key, "dashboard_id" integer, "query_id" integer, "position" integer, "created_at" timestamp NOT NULL, "updated_at" timestamp NOT NULL)[0m
  [1m[35m (0.3ms)[0m  [1m[35mDROP TABLE IF EXISTS "blazer_dashboards" CASCADE[0m
  [1m[35m (6.6ms)[0m  [1m[35mCREATE TABLE "blazer_dashboards" ("id" bigserial primary key, "creator_id" integer, "name" text, "created_at" timestamp NOT NULL, "updated_at" timestamp NOT NULL)[0m
  [1m[35m (0.4ms)[0m  [1m[35mDROP TABLE IF EXISTS "blazer_queries" CASCADE[0m
  [1m[35m (10.0ms)[0m  [1m[35mCREATE TABLE "blazer_queries" ("id" bigserial primary key, "creator_id" integer, "name" character varying, "description" text, "statement" text, "data_source" character varying, "created_at" timestamp NOT NULL, "updated_at" timestamp NOT NULL)[0m
  [1m[35m (1.0ms)[0m  [1m[35mDROP TABLE IF EXISTS "visits" CASCADE[0m
  [1m[35m (7.8ms)[0m  [1m[35mCREATE TABLE "visits" ("id" bigserial primary key, "visit_token" character varying, "visitor_token" character varying, "ip" character varying, "user_agent" text, "referrer" text, "landing_page" text, "user_id" integer, "referring_domain" character varying, "search_keyword" character varying, "browser" character varying, "os" character varying, "device_type" character varying, "screen_height" integer, "screen_width" integer, "country" character varying, "region" character varying, "city" character varying, "postal_code" character varying, "latitude" decimal, "longitude" decimal, "utm_source" character varying, "utm_medium" character varying, "utm_term" character varying, "utm_content" character varying, "utm_campaign" character varying, "started_at" timestamp)[0m
  [1m[35m (1.5ms)[0m  [1m[35mCREATE  INDEX  "index_visits_on_user_id" ON "visits"  ("user_id")[0m
  [1m[35m (1.5ms)[0m  [1m[35mCREATE UNIQUE INDEX  "index_visits_on_visit_token" ON "visits"  ("visit_token")[0m
  [1m[35m (3.0ms)[0m  [1m[35mCREATE TABLE "schema_migrations" ("version" character varying NOT NULL PRIMARY KEY)[0m
  [1m[35m (0.8ms)[0m  [1m[34mSELECT "schema_migrations"."version" FROM "schema_migrations" ORDER BY "schema_migrations"."version" ASC[0m
  [1m[35m (2.6ms)[0m  [1m[32mINSERT INTO "schema_migrations" (version) VALUES (20170922203540)[0m
  [1m[35m (0.9ms)[0m  [1m[32mINSERT INTO "schema_migrations" (version) VALUES
(20170922201958),
(20170922203539);

[0m
  [1m[35m (4.0ms)[0m  [1m[35mCREATE TABLE "ar_internal_metadata" ("key" character varying NOT NULL PRIMARY KEY, "value" character varying, "created_at" timestamp NOT NULL, "updated_at" timestamp NOT NULL)[0m
  [1m[36mActiveRecord::InternalMetadata Load (0.4ms)[0m  [1m[34mSELECT  "ar_internal_metadata".* FROM "ar_internal_metadata" WHERE "ar_internal_metadata"."key" = $1 LIMIT $2[0m  [["key", "environment"], ["LIMIT", 1]]
  [1m[35m (0.1ms)[0m  [1m[35mBEGIN[0m
  [1m[35mSQL (1.4ms)[0m  [1m[32mINSERT INTO "ar_internal_metadata" ("key", "value", "created_at", "updated_at") VALUES ($1, $2, $3, $4) RETURNING "key"[0m  [["key", "environment"], ["value", "development"], ["created_at", "2017-09-22 21:48:48.093756"], ["updated_at", "2017-09-22 21:48:48.093756"]]
  [1m[35m (1.0ms)[0m  [1m[35mCOMMIT[0m
  [1m[36mActiveRecord::InternalMetadata Load (0.5ms)[0m  [1m[34mSELECT  "ar_internal_metadata".* FROM "ar_internal_metadata" WHERE "ar_internal_metadata"."key" = $1 LIMIT $2[0m  [["key", "environment"], ["LIMIT", 1]]
  [1m[35m (0.2ms)[0m  [1m[35mBEGIN[0m
  [1m[35m (0.2ms)[0m  [1m[35mCOMMIT[0m
  [1m[35m (0.3ms)[0m  [1m[35mDROP TABLE IF EXISTS "ahoy_events" CASCADE[0m
  [1m[35m (7.5ms)[0m  [1m[35mCREATE TABLE "ahoy_events" ("id" bigserial primary key, "visit_id" integer, "user_id" integer, "name" character varying, "properties" text, "time" timestamp)[0m
  [1m[35m (2.4ms)[0m  [1m[35mCREATE  INDEX  "index_ahoy_events_on_name_and_time" ON "ahoy_events"  ("name", "time")[0m
  [1m[35m (1.3ms)[0m  [1m[35mCREATE  INDEX  "index_ahoy_events_on_user_id_and_name" ON "ahoy_events"  ("user_id", "name")[0m
  [1m[35m (1.4ms)[0m  [1m[35mCREATE  INDEX  "index_ahoy_events_on_visit_id_and_name" ON "ahoy_events"  ("visit_id", "name")[0m
  [1m[35m (0.3ms)[0m  [1m[35mDROP TABLE IF EXISTS "blazer_audits" CASCADE[0m
  [1m[35m (4.7ms)[0m  [1m[35mCREATE TABLE "blazer_audits" ("id" bigserial primary key, "user_id" integer, "query_id" integer, "statement" text, "data_source" character varying, "created_at" timestamp)[0m
  [1m[35m (0.6ms)[0m  [1m[35mDROP TABLE IF EXISTS "blazer_checks" CASCADE[0m
  [1m[35m (7.0ms)[0m  [1m[35mCREATE TABLE "blazer_checks" ("id" bigserial primary key, "creator_id" integer, "query_id" integer, "state" character varying, "schedule" character varying, "emails" text, "check_type" character varying, "message" text, "last_run_at" timestamp, "created_at" timestamp NOT NULL, "updated_at" timestamp NOT NULL)[0m
  [1m[35m (0.4ms)[0m  [1m[35mDROP TABLE IF EXISTS "blazer_dashboard_queries" CASCADE[0m
  [1m[35m (3.7ms)[0m  [1m[35mCREATE TABLE "blazer_dashboard_queries" ("id" bigserial primary key, "dashboard_id" integer, "query_id" integer, "position" integer, "created_at" timestamp NOT NULL, "updated_at" timestamp NOT NULL)[0m
  [1m[35m (0.4ms)[0m  [1m[35mDROP TABLE IF EXISTS "blazer_dashboards" CASCADE[0m
  [1m[35m (6.8ms)[0m  [1m[35mCREATE TABLE "blazer_dashboards" ("id" bigserial primary key, "creator_id" integer, "name" text, "created_at" timestamp NOT NULL, "updated_at" timestamp NOT NULL)[0m
  [1m[35m (0.5ms)[0m  [1m[35mDROP TABLE IF EXISTS "blazer_queries" CASCADE[0m
  [1m[35m (8.6ms)[0m  [1m[35mCREATE TABLE "blazer_queries" ("id" bigserial primary key, "creator_id" integer, "name" character varying, "description" text, "statement" text, "data_source" character varying, "created_at" timestamp NOT NULL, "updated_at" timestamp NOT NULL)[0m
  [1m[35m (0.5ms)[0m  [1m[35mDROP TABLE IF EXISTS "visits" CASCADE[0m
  [1m[35m (5.4ms)[0m  [1m[35mCREATE TABLE "visits" ("id" bigserial primary key, "visit_token" character varying, "visitor_token" character varying, "ip" character varying, "user_agent" text, "referrer" text, "landing_page" text, "user_id" integer, "referring_domain" character varying, "search_keyword" character varying, "browser" character varying, "os" character varying, "device_type" character varying, "screen_height" integer, "screen_width" integer, "country" character varying, "region" character varying, "city" character varying, "postal_code" character varying, "latitude" decimal, "longitude" decimal, "utm_source" character varying, "utm_medium" character varying, "utm_term" character varying, "utm_content" character varying, "utm_campaign" character varying, "started_at" timestamp)[0m
  [1m[35m (1.3ms)[0m  [1m[35mCREATE  INDEX  "index_visits_on_user_id" ON "visits"  ("user_id")[0m
  [1m[35m (1.1ms)[0m  [1m[35mCREATE UNIQUE INDEX  "index_visits_on_visit_token" ON "visits"  ("visit_token")[0m
  [1m[35m (4.3ms)[0m  [1m[35mCREATE TABLE "schema_migrations" ("version" character varying NOT NULL PRIMARY KEY)[0m
  [1m[35m (1.4ms)[0m  [1m[34mSELECT "schema_migrations"."version" FROM "schema_migrations" ORDER BY "schema_migrations"."version" ASC[0m
  [1m[35m (0.6ms)[0m  [1m[32mINSERT INTO "schema_migrations" (version) VALUES (20170922203540)[0m
  [1m[35m (0.7ms)[0m  [1m[32mINSERT INTO "schema_migrations" (version) VALUES
(20170922201958),
(20170922203539);

[0m
  [1m[35m (5.2ms)[0m  [1m[35mCREATE TABLE "ar_internal_metadata" ("key" character varying NOT NULL PRIMARY KEY, "value" character varying, "created_at" timestamp NOT NULL, "updated_at" timestamp NOT NULL)[0m
  [1m[36mActiveRecord::InternalMetadata Load (2.2ms)[0m  [1m[34mSELECT  "ar_internal_metadata".* FROM "ar_internal_metadata" WHERE "ar_internal_metadata"."key" = $1 LIMIT $2[0m  [["key", "environment"], ["LIMIT", 1]]
  [1m[35m (3.8ms)[0m  [1m[35mBEGIN[0m
  [1m[35mSQL (0.7ms)[0m  [1m[32mINSERT INTO "ar_internal_metadata" ("key", "value", "created_at", "updated_at") VALUES ($1, $2, $3, $4) RETURNING "key"[0m  [["key", "environment"], ["value", "development"], ["created_at", "2017-09-22 21:48:48.229531"], ["updated_at", "2017-09-22 21:48:48.229531"]]
  [1m[35m (0.4ms)[0m  [1m[35mCOMMIT[0m
  [1m[36mActiveRecord::InternalMetadata Load (0.6ms)[0m  [1m[34mSELECT  "ar_internal_metadata".* FROM "ar_internal_metadata" WHERE "ar_internal_metadata"."key" = $1 LIMIT $2[0m  [["key", "environment"], ["LIMIT", 1]]
  [1m[35m (0.3ms)[0m  [1m[35mBEGIN[0m
  [1m[35m (0.2ms)[0m  [1m[35mCOMMIT[0m
  [1m[35m (1.3ms)[0m  [1m[34mSELECT "schema_migrations"."version" FROM "schema_migrations" ORDER BY "schema_migrations"."version" ASC[0m
  [1m[35m (0.4ms)[0m  [1m[34mSELECT pg_try_advisory_lock(1581987788108777070)[0m
  [1m[35m (0.8ms)[0m  [1m[34mSELECT "schema_migrations"."version" FROM "schema_migrations" ORDER BY "schema_migrations"."version" ASC[0m
  [1m[36mActiveRecord::InternalMetadata Load (0.5ms)[0m  [1m[34mSELECT  "ar_internal_metadata".* FROM "ar_internal_metadata" WHERE "ar_internal_metadata"."key" = $1 LIMIT $2[0m  [["key", "environment"], ["LIMIT", 1]]
  [1m[35m (0.2ms)[0m  [1m[35mBEGIN[0m
  [1m[35m (0.2ms)[0m  [1m[35mCOMMIT[0m
  [1m[35m (0.4ms)[0m  [1m[34mSELECT pg_advisory_unlock(1581987788108777070)[0m
  [1m[35m (0.4ms)[0m  [1m[34mSELECT "schema_migrations"."version" FROM "schema_migrations" ORDER BY "schema_migrations"."version" ASC[0m
  [1m[35m (0.2ms)[0m  [1m[34mSELECT pg_try_advisory_lock(1581987788108777070)[0m
  [1m[35m (0.8ms)[0m  [1m[34mSELECT "schema_migrations"."version" FROM "schema_migrations" ORDER BY "schema_migrations"."version" ASC[0m
Migrating to CreateVisits (20170922214955)
  [1m[35m (0.2ms)[0m  [1m[35mBEGIN[0m
  [1m[35m (7.7ms)[0m  [1m[35mCREATE TABLE "visits" ("id" bigserial primary key, "visit_token" character varying, "visitor_token" character varying, "ip" character varying, "user_agent" text, "referrer" text, "landing_page" text, "user_id" integer, "referring_domain" character varying, "search_keyword" character varying, "browser" character varying, "os" character varying, "device_type" character varying, "screen_height" integer, "screen_width" integer, "country" character varying, "region" character varying, "city" character varying, "postal_code" character varying, "latitude" decimal, "longitude" decimal, "utm_source" character varying, "utm_medium" character varying, "utm_term" character varying, "utm_content" character varying, "utm_campaign" character varying, "started_at" timestamp)[0m
  [1m[35m (0.1ms)[0m  [1m[31mROLLBACK[0m
  [1m[35m (0.2ms)[0m  [1m[34mSELECT pg_advisory_unlock(1581987788108777070)[0m
  [1m[35m (0.8ms)[0m  [1m[34mSELECT "schema_migrations"."version" FROM "schema_migrations" ORDER BY "schema_migrations"."version" ASC[0m
  [1m[35m (0.5ms)[0m  [1m[34mSELECT "ar_internal_metadata"."value" FROM "ar_internal_metadata" WHERE "ar_internal_metadata"."key" = $1[0m  [["key", "environment"]]
  [1m[35m (0.4ms)[0m  [1m[34mSELECT "schema_migrations"."version" FROM "schema_migrations" ORDER BY "schema_migrations"."version" ASC[0m
  [1m[35m (0.3ms)[0m  [1m[34mSELECT "ar_internal_metadata"."value" FROM "ar_internal_metadata" WHERE "ar_internal_metadata"."key" = $1[0m  [["key", "environment"]]
  [1m[35m (0.4ms)[0m  [1m[34mSELECT "schema_migrations"."version" FROM "schema_migrations" ORDER BY "schema_migrations"."version" ASC[0m
  [1m[35m (0.3ms)[0m  [1m[34mSELECT "ar_internal_metadata"."value" FROM "ar_internal_metadata" WHERE "ar_internal_metadata"."key" = $1[0m  [["key", "environment"]]
  [1m[35m (250.7ms)[0m  [1m[35mDROP DATABASE IF EXISTS "cg_client_track_development"[0m
  [1m[35m (224.3ms)[0m  [1m[35mDROP DATABASE IF EXISTS "cg_client_track_test"[0m
  [1m[35m (5.6ms)[0m  [1m[35mCREATE TABLE "schema_migrations" ("version" character varying NOT NULL PRIMARY KEY)[0m
  [1m[35m (3.5ms)[0m  [1m[35mCREATE TABLE "ar_internal_metadata" ("key" character varying NOT NULL PRIMARY KEY, "value" character varying, "created_at" timestamp NOT NULL, "updated_at" timestamp NOT NULL)[0m
  [1m[35m (0.2ms)[0m  [1m[34mSELECT pg_try_advisory_lock(1581987788108777070)[0m
  [1m[35m (0.6ms)[0m  [1m[34mSELECT "schema_migrations"."version" FROM "schema_migrations" ORDER BY "schema_migrations"."version" ASC[0m
Migrating to CreateVisits (20170922214955)
  [1m[35m (0.2ms)[0m  [1m[35mBEGIN[0m
  [1m[35m (5.8ms)[0m  [1m[35mCREATE TABLE "visits" ("id" bigserial primary key, "visit_token" character varying, "visitor_token" character varying, "ip" character varying, "user_agent" text, "referrer" text, "landing_page" text, "user_id" integer, "referring_domain" character varying, "search_keyword" character varying, "browser" character varying, "os" character varying, "device_type" character varying, "screen_height" integer, "screen_width" integer, "country" character varying, "region" character varying, "city" character varying, "postal_code" character varying, "latitude" decimal, "longitude" decimal, "utm_source" character varying, "utm_medium" character varying, "utm_term" character varying, "utm_content" character varying, "utm_campaign" character varying, "started_at" timestamp)[0m
  [1m[35m (1.1ms)[0m  [1m[35mCREATE UNIQUE INDEX  "index_visits_on_visit_token" ON "visits"  ("visit_token")[0m
  [1m[35m (1.2ms)[0m  [1m[35mCREATE  INDEX  "index_visits_on_user_id" ON "visits"  ("user_id")[0m
  [1m[35mSQL (0.5ms)[0m  [1m[32mINSERT INTO "schema_migrations" ("version") VALUES ($1) RETURNING "version"[0m  [["version", "20170922214955"]]
  [1m[35m (0.5ms)[0m  [1m[35mCOMMIT[0m
Migrating to CreateAhoyEvents (20170922214957)
  [1m[35m (0.3ms)[0m  [1m[35mBEGIN[0m
  [1m[35m (4.7ms)[0m  [1m[35mCREATE TABLE "ahoy_events" ("id" bigserial primary key, "visit_id" integer, "user_id" integer, "name" character varying, "properties" jsonb, "time" timestamp)[0m
  [1m[35m (1.2ms)[0m  [1m[35mCREATE  INDEX  "index_ahoy_events_on_visit_id_and_name" ON "ahoy_events"  ("visit_id", "name")[0m
  [1m[35m (2.5ms)[0m  [1m[35mCREATE  INDEX  "index_ahoy_events_on_user_id_and_name" ON "ahoy_events"  ("user_id", "name")[0m
  [1m[35m (1.6ms)[0m  [1m[35mCREATE  INDEX  "index_ahoy_events_on_name_and_time" ON "ahoy_events"  ("name", "time")[0m
  [1m[35mSQL (0.5ms)[0m  [1m[32mINSERT INTO "schema_migrations" ("version") VALUES ($1) RETURNING "version"[0m  [["version", "20170922214957"]]
  [1m[35m (0.4ms)[0m  [1m[35mCOMMIT[0m
Migrating to InstallBlazer (20170922215003)
  [1m[35m (0.4ms)[0m  [1m[35mBEGIN[0m
  [1m[35m (6.1ms)[0m  [1m[35mCREATE TABLE "blazer_queries" ("id" bigserial primary key, "creator_id" bigint, "name" character varying, "description" text, "statement" text, "data_source" character varying, "created_at" timestamp NOT NULL, "updated_at" timestamp NOT NULL)[0m
  [1m[35m (0.9ms)[0m  [1m[35mCREATE  INDEX  "index_blazer_queries_on_creator_id" ON "blazer_queries"  ("creator_id")[0m
  [1m[35m (4.0ms)[0m  [1m[35mCREATE TABLE "blazer_audits" ("id" bigserial primary key, "user_id" bigint, "query_id" bigint, "statement" text, "data_source" character varying, "created_at" timestamp)[0m
  [1m[35m (0.9ms)[0m  [1m[35mCREATE  INDEX  "index_blazer_audits_on_user_id" ON "blazer_audits"  ("user_id")[0m
  [1m[35m (0.9ms)[0m  [1m[35mCREATE  INDEX  "index_blazer_audits_on_query_id" ON "blazer_audits"  ("query_id")[0m
  [1m[35m (7.1ms)[0m  [1m[35mCREATE TABLE "blazer_dashboards" ("id" bigserial primary key, "creator_id" bigint, "name" text, "created_at" timestamp NOT NULL, "updated_at" timestamp NOT NULL)[0m
  [1m[35m (1.3ms)[0m  [1m[35mCREATE  INDEX  "index_blazer_dashboards_on_creator_id" ON "blazer_dashboards"  ("creator_id")[0m
  [1m[35m (4.2ms)[0m  [1m[35mCREATE TABLE "blazer_dashboard_queries" ("id" bigserial primary key, "dashboard_id" bigint, "query_id" bigint, "position" integer, "created_at" timestamp NOT NULL, "updated_at" timestamp NOT NULL)[0m
  [1m[35m (1.5ms)[0m  [1m[35mCREATE  INDEX  "index_blazer_dashboard_queries_on_dashboard_id" ON "blazer_dashboard_queries"  ("dashboard_id")[0m
  [1m[35m (1.5ms)[0m  [1m[35mCREATE  INDEX  "index_blazer_dashboard_queries_on_query_id" ON "blazer_dashboard_queries"  ("query_id")[0m
  [1m[35m (6.8ms)[0m  [1m[35mCREATE TABLE "blazer_checks" ("id" bigserial primary key, "creator_id" bigint, "query_id" bigint, "state" character varying, "schedule" character varying, "emails" text, "check_type" character varying, "message" text, "last_run_at" timestamp, "created_at" timestamp NOT NULL, "updated_at" timestamp NOT NULL)[0m
  [1m[35m (1.2ms)[0m  [1m[35mCREATE  INDEX  "index_blazer_checks_on_creator_id" ON "blazer_checks"  ("creator_id")[0m
  [1m[35m (1.0ms)[0m  [1m[35mCREATE  INDEX  "index_blazer_checks_on_query_id" ON "blazer_checks"  ("query_id")[0m
  [1m[35mSQL (0.4ms)[0m  [1m[32mINSERT INTO "schema_migrations" ("version") VALUES ($1) RETURNING "version"[0m  [["version", "20170922215003"]]
  [1m[35m (0.8ms)[0m  [1m[35mCOMMIT[0m
  [1m[36mActiveRecord::InternalMetadata Load (0.4ms)[0m  [1m[34mSELECT  "ar_internal_metadata".* FROM "ar_internal_metadata" WHERE "ar_internal_metadata"."key" = $1 LIMIT $2[0m  [["key", "environment"], ["LIMIT", 1]]
  [1m[35m (0.3ms)[0m  [1m[35mBEGIN[0m
  [1m[35mSQL (0.7ms)[0m  [1m[32mINSERT INTO "ar_internal_metadata" ("key", "value", "created_at", "updated_at") VALUES ($1, $2, $3, $4) RETURNING "key"[0m  [["key", "environment"], ["value", "development"], ["created_at", "2017-09-22 21:50:37.768194"], ["updated_at", "2017-09-22 21:50:37.768194"]]
  [1m[35m (0.5ms)[0m  [1m[35mCOMMIT[0m
  [1m[35m (0.4ms)[0m  [1m[34mSELECT pg_advisory_unlock(1581987788108777070)[0m
  [1m[35m (0.4ms)[0m  [1m[34mSELECT "schema_migrations"."version" FROM "schema_migrations" ORDER BY "schema_migrations"."version" ASC[0m
